[2024-06-06T12:57:14.985+0000] {processor.py:157} INFO - Started process (PID=39) to work on /opt/airflow/dags/aphrodite/JEDI_aphrodite.py
[2024-06-06T12:57:14.985+0000] {processor.py:829} INFO - Processing file /opt/airflow/dags/aphrodite/JEDI_aphrodite.py for tasks to queue
[2024-06-06T12:57:14.988+0000] {logging_mixin.py:151} INFO - [2024-06-06T12:57:14.987+0000] {dagbag.py:539} INFO - Filling up the DagBag from /opt/airflow/dags/aphrodite/JEDI_aphrodite.py
[2024-06-06T12:57:15.004+0000] {processor.py:839} INFO - DAG(s) dict_keys(['JEDI_aphrodite']) retrieved from /opt/airflow/dags/aphrodite/JEDI_aphrodite.py
[2024-06-06T12:57:15.306+0000] {logging_mixin.py:151} INFO - [2024-06-06T12:57:15.306+0000] {security.py:708} INFO - Not syncing DAG-level permissions for DAG 'DAG:JEDI_aphrodite' as access control is unset.
[2024-06-06T12:57:15.306+0000] {logging_mixin.py:151} INFO - [2024-06-06T12:57:15.306+0000] {dag.py:2915} INFO - Sync 1 DAGs
[2024-06-06T12:57:15.344+0000] {logging_mixin.py:151} INFO - [2024-06-06T12:57:15.344+0000] {dag.py:3696} INFO - Setting next_dagrun for JEDI_aphrodite to 2024-06-06T09:00:00+00:00, run_after=2024-06-06T12:00:00+00:00
[2024-06-06T12:57:15.420+0000] {processor.py:179} INFO - Processing /opt/airflow/dags/aphrodite/JEDI_aphrodite.py took 0.439 seconds
[2024-06-06T12:57:47.360+0000] {processor.py:157} INFO - Started process (PID=58) to work on /opt/airflow/dags/aphrodite/JEDI_aphrodite.py
[2024-06-06T12:57:47.363+0000] {processor.py:829} INFO - Processing file /opt/airflow/dags/aphrodite/JEDI_aphrodite.py for tasks to queue
[2024-06-06T12:57:47.368+0000] {logging_mixin.py:151} INFO - [2024-06-06T12:57:47.367+0000] {dagbag.py:539} INFO - Filling up the DagBag from /opt/airflow/dags/aphrodite/JEDI_aphrodite.py
[2024-06-06T12:57:47.394+0000] {processor.py:839} INFO - DAG(s) dict_keys(['JEDI_aphrodite']) retrieved from /opt/airflow/dags/aphrodite/JEDI_aphrodite.py
[2024-06-06T12:57:47.430+0000] {logging_mixin.py:151} INFO - [2024-06-06T12:57:47.429+0000] {dag.py:2915} INFO - Sync 1 DAGs
[2024-06-06T12:57:47.450+0000] {logging_mixin.py:151} INFO - [2024-06-06T12:57:47.450+0000] {dag.py:3696} INFO - Setting next_dagrun for JEDI_aphrodite to 2024-06-06T09:00:00+00:00, run_after=2024-06-06T12:00:00+00:00
[2024-06-06T12:57:47.466+0000] {processor.py:179} INFO - Processing /opt/airflow/dags/aphrodite/JEDI_aphrodite.py took 0.111 seconds
[2024-06-06T12:58:17.702+0000] {processor.py:157} INFO - Started process (PID=84) to work on /opt/airflow/dags/aphrodite/JEDI_aphrodite.py
[2024-06-06T12:58:17.705+0000] {processor.py:829} INFO - Processing file /opt/airflow/dags/aphrodite/JEDI_aphrodite.py for tasks to queue
[2024-06-06T12:58:17.706+0000] {logging_mixin.py:151} INFO - [2024-06-06T12:58:17.706+0000] {dagbag.py:539} INFO - Filling up the DagBag from /opt/airflow/dags/aphrodite/JEDI_aphrodite.py
[2024-06-06T12:58:17.727+0000] {processor.py:839} INFO - DAG(s) dict_keys(['JEDI_aphrodite']) retrieved from /opt/airflow/dags/aphrodite/JEDI_aphrodite.py
[2024-06-06T12:58:17.758+0000] {logging_mixin.py:151} INFO - [2024-06-06T12:58:17.758+0000] {dag.py:2915} INFO - Sync 1 DAGs
[2024-06-06T12:58:17.779+0000] {logging_mixin.py:151} INFO - [2024-06-06T12:58:17.779+0000] {dag.py:3696} INFO - Setting next_dagrun for JEDI_aphrodite to 2024-06-06T09:00:00+00:00, run_after=2024-06-06T12:00:00+00:00
[2024-06-06T12:58:17.794+0000] {processor.py:179} INFO - Processing /opt/airflow/dags/aphrodite/JEDI_aphrodite.py took 0.097 seconds
[2024-06-06T12:58:48.060+0000] {processor.py:157} INFO - Started process (PID=102) to work on /opt/airflow/dags/aphrodite/JEDI_aphrodite.py
[2024-06-06T12:58:48.063+0000] {processor.py:829} INFO - Processing file /opt/airflow/dags/aphrodite/JEDI_aphrodite.py for tasks to queue
[2024-06-06T12:58:48.064+0000] {logging_mixin.py:151} INFO - [2024-06-06T12:58:48.064+0000] {dagbag.py:539} INFO - Filling up the DagBag from /opt/airflow/dags/aphrodite/JEDI_aphrodite.py
[2024-06-06T12:58:48.082+0000] {processor.py:839} INFO - DAG(s) dict_keys(['JEDI_aphrodite']) retrieved from /opt/airflow/dags/aphrodite/JEDI_aphrodite.py
[2024-06-06T12:58:48.112+0000] {logging_mixin.py:151} INFO - [2024-06-06T12:58:48.112+0000] {dag.py:2915} INFO - Sync 1 DAGs
[2024-06-06T12:58:48.135+0000] {logging_mixin.py:151} INFO - [2024-06-06T12:58:48.135+0000] {dag.py:3696} INFO - Setting next_dagrun for JEDI_aphrodite to 2024-06-06T09:00:00+00:00, run_after=2024-06-06T12:00:00+00:00
[2024-06-06T12:58:48.150+0000] {processor.py:179} INFO - Processing /opt/airflow/dags/aphrodite/JEDI_aphrodite.py took 0.094 seconds
